<?xml version="1.0" encoding="UTF-8"?>
<!-- Generated by org.testng.reporters.JUnitXMLReporter -->
<testsuite hostname="DESKTOP-NI49QOF" ignored="0" name="Default test" tests="7" failures="0" timestamp="22 Feb 2018 07:27:01 GMT" time="0.153" errors="0">
  <testcase name="test2" time="0.028" classname="com.testng.ex.NewTest"/>
  <testcase name="test2" time="0.015" classname="com.testng.ex.NewTest"/>
  <testcase name="test2" time="0.016" classname="com.testng.ex.NewTest"/>
  <testcase name="test2" time="0.0" classname="com.testng.ex.NewTest"/>
  <testcase name="test2" time="0.0" classname="com.testng.ex.NewTest"/>
  <testcase name="test3" time="0.0" classname="com.testng.ex.NewTest"/>
  <testcase name="test1" time="0.0" classname="com.testng.ex.NewTest"/>
</testsuite> <!-- Default test -->
