<?xml version="1.0" encoding="UTF-8"?>
<testng-results skipped="0" failed="0" ignored="0" total="1" passed="1">
  <reporter-output>
  </reporter-output>
  <suite name="Default suite" duration-ms="106821" started-at="2018-02-26T07:26:14Z" finished-at="2018-02-26T07:28:01Z">
    <groups>
    </groups>
    <test name="Default test" duration-ms="106821" started-at="2018-02-26T07:26:14Z" finished-at="2018-02-26T07:28:01Z">
      <class name="com.testng.ex.NewTest1">
        <test-method status="PASS" signature="beforeMethod()[pri:0, instance:com.testng.ex.NewTest1@523884b2]" name="beforeMethod" is-config="true" duration-ms="94639" started-at="2018-02-26T07:26:14Z" finished-at="2018-02-26T07:27:49Z">
          <reporter-output>
          </reporter-output>
        </test-method> <!-- beforeMethod -->
        <test-method status="PASS" signature="test1()[pri:0, instance:com.testng.ex.NewTest1@523884b2]" name="test1" duration-ms="8232" started-at="2018-02-26T07:27:49Z" finished-at="2018-02-26T07:27:57Z">
          <reporter-output>
          </reporter-output>
        </test-method> <!-- test1 -->
        <test-method status="PASS" signature="afterMethod()[pri:0, instance:com.testng.ex.NewTest1@523884b2]" name="afterMethod" is-config="true" duration-ms="3848" started-at="2018-02-26T07:27:57Z" finished-at="2018-02-26T07:28:01Z">
          <reporter-output>
          </reporter-output>
        </test-method> <!-- afterMethod -->
      </class> <!-- com.testng.ex.NewTest1 -->
    </test> <!-- Default test -->
  </suite> <!-- Default suite -->
</testng-results>
