<?xml version="1.0" encoding="UTF-8"?>
<testng-results skipped="0" failed="0" ignored="1" total="3" passed="2">
  <reporter-output>
  </reporter-output>
  <suite name="Default suite" duration-ms="90" started-at="2018-02-22T07:11:42Z" finished-at="2018-02-22T07:11:42Z">
    <groups>
    </groups>
    <test name="Default test" duration-ms="90" started-at="2018-02-22T07:11:42Z" finished-at="2018-02-22T07:11:42Z">
      <class name="com.testng.ex.NewTest">
        <test-method status="PASS" signature="test1()[pri:0, instance:com.testng.ex.NewTest@32d992b2]" name="test1" duration-ms="25" started-at="2018-02-22T07:11:42Z" finished-at="2018-02-22T07:11:42Z">
          <reporter-output>
          </reporter-output>
        </test-method> <!-- test1 -->
        <test-method status="PASS" signature="test3()[pri:0, instance:com.testng.ex.NewTest@32d992b2]" name="test3" duration-ms="0" started-at="2018-02-22T07:11:42Z" finished-at="2018-02-22T07:11:42Z">
          <reporter-output>
          </reporter-output>
        </test-method> <!-- test3 -->
      </class> <!-- com.testng.ex.NewTest -->
    </test> <!-- Default test -->
  </suite> <!-- Default suite -->
</testng-results>
